2020-03-14 14:23:08.485 WARN  Fehler bei Amazon Check StatusCodeError: 403 - "<?xml version=\"1.0\" encoding=\"UTF-8\"?>\n<Error><Code>AccessDenied</Code><Message>Access Denied</Message><RequestId>B8143B0F26212219</RequestId><HostId>9+Vycq8EiXcZBOku5RkNuMSDCTF0bff2qZieA8L3uI59t39O06iDBvbULcMMW2KZm88/GMbO88U=</HostId></Error>" 
2020-03-14 14:23:08.485 WARN  60270 wurde nicht auf S3 gefunden und darum nicht gelöscht. 
2020-03-14 14:23:08.488 WARN  Fehler bei Amazon Check StatusCodeError: 403 - "<?xml version=\"1.0\" encoding=\"UTF-8\"?>\n<Error><Code>AccessDenied</Code><Message>Access Denied</Message><RequestId>B5E2E2D9E9E78CA4</RequestId><HostId>RQ7yZ/Atp9p4gr5Lddlw81N6cag2LTMrMuY5+b2IAfF0DRzkVP+nhDn0rzidZik5W5zjGMYtLVE=</HostId></Error>" 
2020-03-14 14:23:08.488 WARN  60271 wurde nicht auf S3 gefunden und darum nicht gelöscht. 
2020-03-14 14:23:08.494 WARN  Fehler bei Amazon Check StatusCodeError: 403 - "<?xml version=\"1.0\" encoding=\"UTF-8\"?>\n<Error><Code>AccessDenied</Code><Message>Access Denied</Message><RequestId>01DBC0A200124B01</RequestId><HostId>AGJKw+GcavSz45y5A9B9Db7ih7VTuSfnPrL8DR3H1rClaJD37NuBfFhRAusvyqMTOiXiM14Q9sM=</HostId></Error>" 
2020-03-14 14:23:08.494 WARN  60272 wurde nicht auf S3 gefunden und darum nicht gelöscht. 
2020-03-14 14:23:08.540 WARN  Fehler bei Amazon Check StatusCodeError: 403 - "<?xml version=\"1.0\" encoding=\"UTF-8\"?>\n<Error><Code>AccessDenied</Code><Message>Access Denied</Message><RequestId>2F896A764CB4C5C8</RequestId><HostId>RSq4qKc1EMnr7rQP5pa5modVW4UDzPvRXtjViZ5khuMgTQkFrFh8OVOXbKvP3V7CeRFTqEmemPw=</HostId></Error>" 
2020-03-14 14:23:08.540 WARN  60274 wurde nicht auf S3 gefunden und darum nicht gelöscht. 
2020-03-14 14:23:08.541 WARN  Fehler bei Amazon Check StatusCodeError: 403 - "<?xml version=\"1.0\" encoding=\"UTF-8\"?>\n<Error><Code>AccessDenied</Code><Message>Access Denied</Message><RequestId>491970FB2AE6C6AC</RequestId><HostId>wAcVB/Q+YB4S2xYoQy4nJcoCXQaACidYb49p7auQtVGT8QEb1O5xCwpQ21+pVYULFTTYt7gzXJA=</HostId></Error>" 
2020-03-14 14:23:08.541 WARN  60273 wurde nicht auf S3 gefunden und darum nicht gelöscht. 
2020-03-14 14:23:08.558 WARN  Fehler bei Amazon Check StatusCodeError: 403 - "<?xml version=\"1.0\" encoding=\"UTF-8\"?>\n<Error><Code>AccessDenied</Code><Message>Access Denied</Message><RequestId>F572F776F2589564</RequestId><HostId>u1C1OYnQ0RZc5RYXd0BVKbCBUc44mEgtUcxiBXsFhQtsULdOOFBYpM6JvaDiH9D/LjVtAOQPf/U=</HostId></Error>" 
2020-03-14 14:23:08.558 WARN  60275 wurde nicht auf S3 gefunden und darum nicht gelöscht. 
2020-03-14 14:23:08.585 WARN  Fehler bei Amazon Check StatusCodeError: 403 - "<?xml version=\"1.0\" encoding=\"UTF-8\"?>\n<Error><Code>AccessDenied</Code><Message>Access Denied</Message><RequestId>493114E0880BF679</RequestId><HostId>pTjF2NdagBOjElx+9LOuxV+Akeuf6oDIVOuf1LmRbvjmeXkcPuQwlf0oEq4cCcc91qOQKGCmJ4A=</HostId></Error>" 
2020-03-14 14:23:08.585 WARN  60276 wurde nicht auf S3 gefunden und darum nicht gelöscht. 
2020-03-14 14:23:08.596 WARN  Fehler bei Amazon Check StatusCodeError: 403 - "<?xml version=\"1.0\" encoding=\"UTF-8\"?>\n<Error><Code>AccessDenied</Code><Message>Access Denied</Message><RequestId>0DEAF2227CCA3CBA</RequestId><HostId>wog0ycZcytdri1M6rei/v18mGaT26g9W6ccRFx1/Ijkyo0kThaX3ofRVem8MimjHzd3JJB1Zmxs=</HostId></Error>" 
2020-03-14 14:23:08.596 WARN  60277 wurde nicht auf S3 gefunden und darum nicht gelöscht. 
2020-03-14 14:23:08.597 WARN  Fehler bei Amazon Check StatusCodeError: 403 - "<?xml version=\"1.0\" encoding=\"UTF-8\"?>\n<Error><Code>AccessDenied</Code><Message>Access Denied</Message><RequestId>A9D0CD8C247D5FBC</RequestId><HostId>WpPwdDyxY8inBXvaPEb6ENff1Ojxge6/dy+fPgqf3vw42eSw6U05N1KCju+CMNCYr6fRKZwze6I=</HostId></Error>" 
2020-03-14 14:23:08.597 WARN  60278 wurde nicht auf S3 gefunden und darum nicht gelöscht. 
2020-03-14 14:23:08.651 WARN  Fehler bei Amazon Check StatusCodeError: 403 - "<?xml version=\"1.0\" encoding=\"UTF-8\"?>\n<Error><Code>AccessDenied</Code><Message>Access Denied</Message><RequestId>DCDABB5C620E0D1B</RequestId><HostId>vOgBgx7IMjUHMydOq9EIjmRdrcSPKGYDcVA2z3s6p7/vZjgUdOmntHCvGiguo5ekr9Fb3uj5Wuw=</HostId></Error>" 
2020-03-14 14:23:08.651 WARN  60280 wurde nicht auf S3 gefunden und darum nicht gelöscht. 
2020-03-14 14:23:08.655 WARN  Fehler bei Amazon Check StatusCodeError: 403 - "<?xml version=\"1.0\" encoding=\"UTF-8\"?>\n<Error><Code>AccessDenied</Code><Message>Access Denied</Message><RequestId>3338751925C26940</RequestId><HostId>8WJTICet0X4T8PznR99MkN6H9xFALJgYFOsCZaRZxpZztFMdFsScQV9Gs6j27LCns3eZNxDzTAk=</HostId></Error>" 
2020-03-14 14:23:08.655 WARN  60279 wurde nicht auf S3 gefunden und darum nicht gelöscht. 
2020-03-14 14:23:08.692 WARN  Fehler bei Amazon Check StatusCodeError: 403 - "<?xml version=\"1.0\" encoding=\"UTF-8\"?>\n<Error><Code>AccessDenied</Code><Message>Access Denied</Message><RequestId>57699A918AF20C22</RequestId><HostId>VmUyc1O7G+cD3QCFeGYI4w6JuSa2jDSthyma9UD7AnEKlzNID1SiDlx2qkBGXtf+f9qb2BraXyg=</HostId></Error>" 
2020-03-14 14:23:08.692 WARN  60281 wurde nicht auf S3 gefunden und darum nicht gelöscht. 
2020-03-14 14:23:08.746 WARN  Fehler bei Amazon Check StatusCodeError: 403 - "<?xml version=\"1.0\" encoding=\"UTF-8\"?>\n<Error><Code>AccessDenied</Code><Message>Access Denied</Message><RequestId>F9E70E6DDA2DB6BF</RequestId><HostId>D/oH+l4J2ZLRMkowngOyTS4/9wkyZ+BV9P+FgtXerPXPMkObud/0UVq7Cn2n67recFhoy7vMGFo=</HostId></Error>" 
2020-03-14 14:23:08.746 WARN  60282 wurde nicht auf S3 gefunden und darum nicht gelöscht. 
2020-03-14 14:23:08.827 WARN  Fehler bei Amazon Check StatusCodeError: 403 - "<?xml version=\"1.0\" encoding=\"UTF-8\"?>\n<Error><Code>AccessDenied</Code><Message>Access Denied</Message><RequestId>DBEE8B9B0A669100</RequestId><HostId>6c1GEMp3Mts+Z1V6ZhEYqQ1eQM0hf+YaKkZvV5hHV36NhopRuUUAbiZBo+UAg7QuZMgpn5r0CgU=</HostId></Error>" 
2020-03-14 14:23:08.827 WARN  60283 wurde nicht auf S3 gefunden und darum nicht gelöscht. 
2020-03-14 14:23:08.979 WARN  Fehler bei Amazon Check StatusCodeError: 403 - "<?xml version=\"1.0\" encoding=\"UTF-8\"?>\n<Error><Code>AccessDenied</Code><Message>Access Denied</Message><RequestId>A2F7333D19DE5466</RequestId><HostId>9ajj3n5ekzBTKN7AXesFrNWVtUg5Me9GtvBblxBW6qkxqA/zlJCSXzKfoSUuztrH8zIPigcNs2Q=</HostId></Error>" 
2020-03-14 14:23:08.979 WARN  60284 wurde nicht auf S3 gefunden und darum nicht gelöscht. 
2020-03-14 14:23:09.011 WARN  Fehler bei Amazon Check StatusCodeError: 403 - "<?xml version=\"1.0\" encoding=\"UTF-8\"?>\n<Error><Code>AccessDenied</Code><Message>Access Denied</Message><RequestId>58BA9C84CD254E1D</RequestId><HostId>cQXsswn2mdNavLOZHiV4iPZauHgy+BTKNVw9WpBAqlfqjMbxtXRhrZj7mA7J9XTvFbpMtrgL/QE=</HostId></Error>" 
2020-03-14 14:23:09.011 WARN  60286 wurde nicht auf S3 gefunden und darum nicht gelöscht. 
2020-03-14 14:23:09.033 WARN  Fehler bei Amazon Check StatusCodeError: 403 - "<?xml version=\"1.0\" encoding=\"UTF-8\"?>\n<Error><Code>AccessDenied</Code><Message>Access Denied</Message><RequestId>0C3C0F005C4606BF</RequestId><HostId>xzihtBd1sGRapJPkP/N2PnflayfDRuLn1PQ1bVsUDYP35elSY/6wwQC49jYF5W1O9DMzjW5CDZ0=</HostId></Error>" 
2020-03-14 14:23:09.033 WARN  60287 wurde nicht auf S3 gefunden und darum nicht gelöscht. 
2020-03-14 14:23:09.066 WARN  Fehler bei Amazon Check StatusCodeError: 403 - "<?xml version=\"1.0\" encoding=\"UTF-8\"?>\n<Error><Code>AccessDenied</Code><Message>Access Denied</Message><RequestId>63CBC0CE3C534D5C</RequestId><HostId>v2RbJDxeOpV1vyRj42Bu1Xc+aX23+VcghFcVb5BLAzb18aN5ZGZjX5pE8WGRXCNDN/GFkSdcX+s=</HostId></Error>" 
2020-03-14 14:23:09.066 WARN  60288 wurde nicht auf S3 gefunden und darum nicht gelöscht. 
2020-03-14 14:23:09.073 WARN  Fehler bei Amazon Check StatusCodeError: 403 - "<?xml version=\"1.0\" encoding=\"UTF-8\"?>\n<Error><Code>AccessDenied</Code><Message>Access Denied</Message><RequestId>D42D9F9771207B33</RequestId><HostId>IZ6HYUWtqxLjM7XhDlT70pYxJ4zcPb/cODPuXWcKsgiYFO708LjP7XdY8f3ZsdS2vhEtxuraWgc=</HostId></Error>" 
2020-03-14 14:23:09.073 WARN  60289 wurde nicht auf S3 gefunden und darum nicht gelöscht. 
2020-03-14 14:23:09.095 WARN  Fehler bei Amazon Check StatusCodeError: 403 - "<?xml version=\"1.0\" encoding=\"UTF-8\"?>\n<Error><Code>AccessDenied</Code><Message>Access Denied</Message><RequestId>1A923E06D3A8B577</RequestId><HostId>k4a6CavKDLiIE/WyxDE4l1TIF6S/Rvzcv0SPN5XNuki8xdTU1mhlEncHj5vPE2s1eCOj9w/76jo=</HostId></Error>" 
2020-03-14 14:23:09.095 WARN  60290 wurde nicht auf S3 gefunden und darum nicht gelöscht. 
2020-03-14 14:23:09.119 WARN  Fehler bei Amazon Check StatusCodeError: 403 - "<?xml version=\"1.0\" encoding=\"UTF-8\"?>\n<Error><Code>AccessDenied</Code><Message>Access Denied</Message><RequestId>675613720CDD7F5D</RequestId><HostId>beEa/OrOie1aYuwIZihYtXJE9kEgNe5eOVoxBlukeeRpTw3k4I5L9QmyUAdsIDJmG5Z648W6pdI=</HostId></Error>" 
2020-03-14 14:23:09.119 WARN  60291 wurde nicht auf S3 gefunden und darum nicht gelöscht. 
2020-03-14 14:23:09.160 WARN  Fehler bei Amazon Check StatusCodeError: 403 - "<?xml version=\"1.0\" encoding=\"UTF-8\"?>\n<Error><Code>AccessDenied</Code><Message>Access Denied</Message><RequestId>E84F643C2E06C38F</RequestId><HostId>XLFHlHewQRqxOKKwJ3qUPlpqJ49NBdkD0hRk7DTYoeMfk+UduIMG3qG4XCpQWXMqL/MqPmrx8uk=</HostId></Error>" 
2020-03-14 14:23:09.160 WARN  60294 wurde nicht auf S3 gefunden und darum nicht gelöscht. 
2020-03-14 14:23:09.195 WARN  Fehler bei Amazon Check StatusCodeError: 403 - "<?xml version=\"1.0\" encoding=\"UTF-8\"?>\n<Error><Code>AccessDenied</Code><Message>Access Denied</Message><RequestId>4071BADFB5B1BFBB</RequestId><HostId>M4aSIq/XQNclu9SjpxTrY6ZflluCZ31goEjUuJ4DDDqZjddok4iOiEk7sBEfOmr9EjwKbeGz70w=</HostId></Error>" 
2020-03-14 14:23:09.195 WARN  60293 wurde nicht auf S3 gefunden und darum nicht gelöscht. 
2020-03-14 14:23:09.208 WARN  Fehler bei Amazon Check StatusCodeError: 403 - "<?xml version=\"1.0\" encoding=\"UTF-8\"?>\n<Error><Code>AccessDenied</Code><Message>Access Denied</Message><RequestId>797473D6E378D573</RequestId><HostId>iSVfg45usfoFZwn+2+FOZ9tXx+mP4tJdW5TfSkzyOLa6vNM72g7RR3Uib1j9LuP0b4qqK01K1n0=</HostId></Error>" 
2020-03-14 14:23:09.208 WARN  60295 wurde nicht auf S3 gefunden und darum nicht gelöscht. 
2020-03-14 14:23:09.215 WARN  Fehler bei Amazon Check StatusCodeError: 403 - "<?xml version=\"1.0\" encoding=\"UTF-8\"?>\n<Error><Code>AccessDenied</Code><Message>Access Denied</Message><RequestId>C558DD0ED33539FB</RequestId><HostId>kwRgdkV9UPULoKO12g6DAV9u12YZh9HXXE5o6Zy4Jd56QtGcvp2FIgC4DCS2FmnLqMGYztq/22U=</HostId></Error>" 
2020-03-14 14:23:09.215 WARN  60296 wurde nicht auf S3 gefunden und darum nicht gelöscht. 
2020-03-14 14:23:09.228 WARN  Fehler bei Amazon Check StatusCodeError: 403 - "<?xml version=\"1.0\" encoding=\"UTF-8\"?>\n<Error><Code>AccessDenied</Code><Message>Access Denied</Message><RequestId>C1A54953C694E675</RequestId><HostId>5v3M455Qbdj4d9DvhwmoIhN+vBx0wH5JsyWVql4IywGxbX0H/cXAP3wu+FvQIyImvUbK1gYOqkQ=</HostId></Error>" 
2020-03-14 14:23:09.228 WARN  60297 wurde nicht auf S3 gefunden und darum nicht gelöscht. 
2020-03-14 14:23:09.254 WARN  Fehler bei Amazon Check StatusCodeError: 403 - "<?xml version=\"1.0\" encoding=\"UTF-8\"?>\n<Error><Code>AccessDenied</Code><Message>Access Denied</Message><RequestId>0FDDA386FB4484C6</RequestId><HostId>8eZWgHtekBfEKfGQjVuHbVmXOOl62v6rA5xdYrLwGKAr4e6Fpc+orI8ZdFhs+E7SKGoPmcwBBg4=</HostId></Error>" 
2020-03-14 14:23:09.254 WARN  60298 wurde nicht auf S3 gefunden und darum nicht gelöscht. 
2020-03-14 14:23:09.261 WARN  Fehler bei Amazon Check StatusCodeError: 403 - "<?xml version=\"1.0\" encoding=\"UTF-8\"?>\n<Error><Code>AccessDenied</Code><Message>Access Denied</Message><RequestId>16698CFF3F8A5494</RequestId><HostId>4XGhI7BvCjHxg8j8kGG+QRpPwauA2A1i9j1FZv+oC0i8/+LdD38H+dD2PqfS5jS0qbagGJ4tapE=</HostId></Error>" 
2020-03-14 14:23:09.261 WARN  60299 wurde nicht auf S3 gefunden und darum nicht gelöscht. 
2020-03-14 14:23:09.273 WARN  Fehler bei Amazon Check StatusCodeError: 403 - "<?xml version=\"1.0\" encoding=\"UTF-8\"?>\n<Error><Code>AccessDenied</Code><Message>Access Denied</Message><RequestId>F4D2959089AC58F7</RequestId><HostId>qhSRruQG8q+0hdVtesFe5DjwqMeIQwg5KD3PccH1wAjY6CbVheZP4xFV/fUIQSWBVJNQhKIj16Q=</HostId></Error>" 
2020-03-14 14:23:09.273 WARN  60300 wurde nicht auf S3 gefunden und darum nicht gelöscht. 
2020-03-14 14:23:09.312 WARN  Fehler bei Amazon Check StatusCodeError: 403 - "<?xml version=\"1.0\" encoding=\"UTF-8\"?>\n<Error><Code>AccessDenied</Code><Message>Access Denied</Message><RequestId>C506EBE2895604A8</RequestId><HostId>HRtT9hr5+dDbod+0cdz7w6fhu0Rr2ytZQ5wMBT3vh5kCmv+qnbI8T1Mkk3CzpIFI0puc/I+w/ek=</HostId></Error>" 
2020-03-14 14:23:09.312 WARN  60301 wurde nicht auf S3 gefunden und darum nicht gelöscht. 
2020-03-14 14:23:09.335 WARN  Fehler bei Amazon Check StatusCodeError: 403 - "<?xml version=\"1.0\" encoding=\"UTF-8\"?>\n<Error><Code>AccessDenied</Code><Message>Access Denied</Message><RequestId>D789781FF857EF68</RequestId><HostId>5yoNLQoiMvNOp0715tpFciMzwRoVq3IShA/E1JbZW41M78tnmOrX7mxEaoTEA0H84LHrfqZCuQY=</HostId></Error>" 
2020-03-14 14:23:09.335 WARN  60305 wurde nicht auf S3 gefunden und darum nicht gelöscht. 
2020-03-14 14:23:09.336 WARN  Fehler bei Amazon Check StatusCodeError: 403 - "<?xml version=\"1.0\" encoding=\"UTF-8\"?>\n<Error><Code>AccessDenied</Code><Message>Access Denied</Message><RequestId>914EC94221FF7605</RequestId><HostId>lgHqJxmuyQ2W1+xGoVOVq+xrzO8rO5lJ1IgqZ9xuLu9YCuh7e8hZlWVSvSUAagOUUge26ytAT74=</HostId></Error>" 
2020-03-14 14:23:09.336 WARN  60304 wurde nicht auf S3 gefunden und darum nicht gelöscht. 
2020-03-14 14:23:09.355 WARN  Fehler bei Amazon Check StatusCodeError: 403 - "<?xml version=\"1.0\" encoding=\"UTF-8\"?>\n<Error><Code>AccessDenied</Code><Message>Access Denied</Message><RequestId>21439ED05D624821</RequestId><HostId>kUCnEyVfP6QNZnQe5O67fTDfAkbbG23GmPQG0R6GNLdoCMXW6w7q9+z+jIP0ZBOlQojXSrP1UBE=</HostId></Error>" 
2020-03-14 14:23:09.355 WARN  60306 wurde nicht auf S3 gefunden und darum nicht gelöscht. 
2020-03-14 14:23:09.378 WARN  Fehler bei Amazon Check StatusCodeError: 403 - "<?xml version=\"1.0\" encoding=\"UTF-8\"?>\n<Error><Code>AccessDenied</Code><Message>Access Denied</Message><RequestId>C85F1078C6971C2C</RequestId><HostId>mynD8Qdi2l1uhU8fc9BjeSXfkR8RUwfx+P6N+HuwhnFe7Zf/xi9Ceddj2HSegcTM8OVw2LvmR+M=</HostId></Error>" 
2020-03-14 14:23:09.378 WARN  60307 wurde nicht auf S3 gefunden und darum nicht gelöscht. 
